<?xml version="1.0" encoding="UTF-8"?>
<!-- Generated by org.testng.reporters.JUnitReportReporter -->
<testsuite hostname="A2ML31904" failures="0" tests="2" name="Thinkbridge.Question2.SignUp" time="28.336" errors="0" timestamp="2021-06-23T22:58:39 IST" skipped="0">
  <testcase classname="Thinkbridge.Question2.SignUp" name="checkingDropDownValues" time="2.023"/>
  <system-out/>
  <testcase classname="Thinkbridge.Question2.SignUp" name="checkingWelcomeEmail" time="26.313"/>
  <system-out/>
</testsuite> <!-- Thinkbridge.Question2.SignUp -->
